2019-11-12 23:22:24,386 : INFO: Init: HR = 0.5700, NDCG = 0.3283 [102.5 s]
2019-11-13 20:21:01,249 : INFO: Init: HR = 0.1096, NDCG = 0.0491 [110.8 s]
2019-11-13 20:22:03,490 : WARNING: From /Library/Frameworks/Python.framework/Versions/3.7/lib/python3.7/site-packages/tensorflow_core/python/ops/array_grad.py:502: _EagerTensorBase.cpu (from tensorflow.python.framework.ops) is deprecated and will be removed in a future version.
Instructions for updating:
Use tf.identity instead.
2019-11-13 20:34:17,944 : INFO: Iteration 1 [679.6 s]: HR = 0.4500, NDCG = 0.2507, loss = 0.3943 [117.1 s]
2019-11-13 20:45:25,634 : INFO: Iteration 2 [559.0 s]: HR = 0.5043, NDCG = 0.2811, loss = 0.3597 [108.6 s]
2019-11-13 20:56:17,555 : INFO: Iteration 3 [554.1 s]: HR = 0.5313, NDCG = 0.2976, loss = 0.3415 [97.8 s]
2019-11-13 21:08:08,867 : INFO: Iteration 4 [604.8 s]: HR = 0.5472, NDCG = 0.3090, loss = 0.3318 [106.4 s]
2019-11-13 21:19:13,392 : INFO: Iteration 5 [560.8 s]: HR = 0.5556, NDCG = 0.3147, loss = 0.3256 [103.7 s]
2019-11-13 21:30:52,345 : INFO: Iteration 6 [598.4 s]: HR = 0.5662, NDCG = 0.3210, loss = 0.3209 [100.5 s]
2019-11-14 10:28:53,500 : WARNING: From /Library/Frameworks/Python.framework/Versions/3.7/lib/python3.7/site-packages/tensorflow_core/python/ops/array_grad.py:502: _EagerTensorBase.cpu (from tensorflow.python.framework.ops) is deprecated and will be removed in a future version.
Instructions for updating:
Use tf.identity instead.
2019-11-14 10:39:02,856 : INFO: Iteration 7 [563.2 s]: HR = 0.5733, NDCG = 0.3254, loss = 0.3168 [100.1 s]
2019-11-14 10:51:00,908 : INFO: Iteration 8 [612.0 s]: HR = 0.5768, NDCG = 0.3283, loss = 0.3138 [106.0 s]
2019-11-14 11:02:15,235 : INFO: Iteration 9 [570.7 s]: HR = 0.5806, NDCG = 0.3316, loss = 0.3116 [103.6 s]
2019-11-14 11:13:08,664 : INFO: Iteration 10 [555.3 s]: HR = 0.5846, NDCG = 0.3345, loss = 0.3091 [98.1 s]
2019-11-14 11:24:05,778 : INFO: Iteration 11 [549.3 s]: HR = 0.5909, NDCG = 0.3375, loss = 0.3073 [107.8 s]
2019-11-14 11:36:03,801 : INFO: Iteration 12 [610.1 s]: HR = 0.5945, NDCG = 0.3402, loss = 0.3053 [107.9 s]
2019-11-14 11:47:39,169 : INFO: Iteration 13 [588.5 s]: HR = 0.5952, NDCG = 0.3419, loss = 0.3040 [106.9 s]
2019-11-14 11:59:15,510 : INFO: Iteration 14 [595.7 s]: HR = 0.5964, NDCG = 0.3439, loss = 0.3020 [100.6 s]
2019-11-14 12:10:24,145 : INFO: Iteration 15 [568.2 s]: HR = 0.6003, NDCG = 0.3467, loss = 0.3006 [100.4 s]
2019-11-14 12:21:00,293 : INFO: Iteration 16 [541.0 s]: HR = 0.6033, NDCG = 0.3474, loss = 0.2993 [95.1 s]
2019-11-14 12:31:04,653 : INFO: Iteration 17 [510.2 s]: HR = 0.6056, NDCG = 0.3501, loss = 0.2978 [94.2 s]
2019-11-14 12:41:08,246 : INFO: Iteration 18 [509.0 s]: HR = 0.6081, NDCG = 0.3527, loss = 0.2970 [94.6 s]
2019-11-14 12:51:09,719 : INFO: Iteration 19 [507.1 s]: HR = 0.6103, NDCG = 0.3541, loss = 0.2953 [94.4 s]
2019-11-14 13:21:59,684 : INFO: Iteration 20 [1718.2 s]: HR = 0.6147, NDCG = 0.3560, loss = 0.2944 [131.7 s]
2019-11-14 13:34:14,006 : INFO: Iteration 21 [625.4 s]: HR = 0.6157, NDCG = 0.3570, loss = 0.2934 [108.9 s]
2019-11-14 13:46:00,662 : INFO: Iteration 22 [596.9 s]: HR = 0.6179, NDCG = 0.3581, loss = 0.2922 [109.7 s]
2019-11-14 13:57:53,824 : INFO: Iteration 23 [602.2 s]: HR = 0.6190, NDCG = 0.3593, loss = 0.2909 [110.9 s]
2019-11-14 14:08:26,320 : INFO: Iteration 24 [533.5 s]: HR = 0.6182, NDCG = 0.3590, loss = 0.2901 [99.0 s]
2019-11-14 14:18:54,001 : INFO: Iteration 25 [528.2 s]: HR = 0.6197, NDCG = 0.3604, loss = 0.2897 [99.4 s]
2019-11-14 14:29:20,060 : INFO: Iteration 26 [526.6 s]: HR = 0.6224, NDCG = 0.3625, loss = 0.2884 [99.5 s]
2019-11-14 14:39:44,938 : INFO: Iteration 27 [525.7 s]: HR = 0.6243, NDCG = 0.3640, loss = 0.2875 [99.2 s]
2019-11-14 14:52:03,252 : INFO: Iteration 28 [630.5 s]: HR = 0.6243, NDCG = 0.3642, loss = 0.2868 [107.8 s]
2019-11-14 15:03:13,804 : INFO: Iteration 29 [552.3 s]: HR = 0.6257, NDCG = 0.3654, loss = 0.2858 [118.3 s]
2019-11-14 15:14:33,692 : INFO: Iteration 30 [575.3 s]: HR = 0.6278, NDCG = 0.3667, loss = 0.2850 [104.6 s]
2019-11-14 15:26:31,219 : INFO: Iteration 31 [612.0 s]: HR = 0.6276, NDCG = 0.3666, loss = 0.2842 [105.5 s]
2019-11-14 15:40:44,552 : INFO: Iteration 32 [722.3 s]: HR = 0.6306, NDCG = 0.3679, loss = 0.2833 [131.1 s]
2019-11-14 15:54:47,097 : INFO: Iteration 33 [740.7 s]: HR = 0.6315, NDCG = 0.3685, loss = 0.2827 [101.8 s]
2019-11-14 16:06:45,357 : INFO: Iteration 34 [619.6 s]: HR = 0.6318, NDCG = 0.3681, loss = 0.2823 [98.6 s]
2019-11-14 16:17:28,953 : INFO: Iteration 35 [544.9 s]: HR = 0.6325, NDCG = 0.3692, loss = 0.2809 [98.6 s]
2019-11-14 16:28:01,091 : INFO: Iteration 36 [535.3 s]: HR = 0.6338, NDCG = 0.3702, loss = 0.2805 [96.9 s]
2019-11-14 16:38:36,522 : INFO: Iteration 37 [534.8 s]: HR = 0.6339, NDCG = 0.3705, loss = 0.2800 [100.6 s]
2019-11-14 16:51:44,184 : INFO: Iteration 38 [660.6 s]: HR = 0.6354, NDCG = 0.3715, loss = 0.2792 [127.0 s]
2019-11-14 17:05:42,853 : INFO: Iteration 39 [714.3 s]: HR = 0.6363, NDCG = 0.3718, loss = 0.2791 [124.4 s]
2019-11-14 17:19:09,696 : INFO: Iteration 40 [696.1 s]: HR = 0.6382, NDCG = 0.3731, loss = 0.2784 [110.7 s]
2019-11-14 17:30:50,514 : INFO: Iteration 41 [595.3 s]: HR = 0.6402, NDCG = 0.3741, loss = 0.2778 [105.5 s]
2019-11-14 17:44:27,441 : INFO: Iteration 42 [686.1 s]: HR = 0.6396, NDCG = 0.3737, loss = 0.2776 [130.8 s]
2019-11-14 17:57:07,959 : INFO: Iteration 43 [648.0 s]: HR = 0.6387, NDCG = 0.3739, loss = 0.2768 [112.5 s]
2019-11-14 18:08:50,967 : INFO: Iteration 44 [593.3 s]: HR = 0.6394, NDCG = 0.3750, loss = 0.2763 [109.7 s]
2019-11-14 18:21:26,450 : INFO: Iteration 45 [641.4 s]: HR = 0.6404, NDCG = 0.3752, loss = 0.2761 [114.1 s]
2019-11-14 18:33:30,986 : INFO: Iteration 46 [613.3 s]: HR = 0.6411, NDCG = 0.3752, loss = 0.2758 [111.2 s]
2019-11-14 19:22:12,963 : INFO: Iteration 47 [2811.3 s]: HR = 0.6424, NDCG = 0.3758, loss = 0.2754 [110.7 s]
2019-11-14 19:33:47,244 : INFO: Iteration 48 [586.3 s]: HR = 0.6409, NDCG = 0.3762, loss = 0.2749 [108.0 s]
2019-11-14 19:45:19,180 : INFO: Iteration 49 [579.6 s]: HR = 0.6430, NDCG = 0.3768, loss = 0.2745 [112.3 s]
2019-11-14 19:57:06,311 : INFO: Iteration 50 [597.5 s]: HR = 0.6422, NDCG = 0.3768, loss = 0.2742 [109.6 s]
2019-11-14 20:08:48,464 : INFO: Iteration 51 [594.3 s]: HR = 0.6429, NDCG = 0.3767, loss = 0.2741 [107.8 s]
2019-11-14 20:20:55,428 : INFO: Iteration 52 [616.4 s]: HR = 0.6435, NDCG = 0.3768, loss = 0.2735 [110.5 s]
2019-11-14 20:32:19,578 : INFO: Iteration 53 [578.7 s]: HR = 0.6435, NDCG = 0.3769, loss = 0.2732 [105.4 s]
2019-11-14 20:43:34,746 : INFO: Iteration 54 [568.6 s]: HR = 0.6435, NDCG = 0.3768, loss = 0.2730 [106.5 s]
2019-11-14 20:54:53,307 : INFO: Iteration 55 [573.9 s]: HR = 0.6445, NDCG = 0.3768, loss = 0.2732 [104.6 s]
2019-11-14 21:06:59,217 : INFO: Iteration 56 [614.7 s]: HR = 0.6442, NDCG = 0.3769, loss = 0.2728 [111.1 s]
2019-11-14 21:21:02,861 : INFO: Iteration 57 [714.7 s]: HR = 0.6445, NDCG = 0.3771, loss = 0.2720 [128.9 s]
2019-11-14 21:34:26,820 : INFO: Iteration 58 [677.5 s]: HR = 0.6452, NDCG = 0.3778, loss = 0.2719 [126.4 s]
2019-11-14 21:48:01,309 : INFO: Iteration 59 [689.3 s]: HR = 0.6457, NDCG = 0.3783, loss = 0.2714 [125.2 s]
2019-11-14 22:00:55,896 : INFO: Iteration 60 [648.6 s]: HR = 0.6457, NDCG = 0.3778, loss = 0.2712 [125.9 s]
2019-11-15 11:24:47,634 : WARNING: From /Library/Frameworks/Python.framework/Versions/3.7/lib/python3.7/site-packages/tensorflow_core/python/ops/array_grad.py:502: _EagerTensorBase.cpu (from tensorflow.python.framework.ops) is deprecated and will be removed in a future version.
Instructions for updating:
Use tf.identity instead.
2019-11-15 11:35:37,792 : INFO: Iteration 61 [594.5 s]: HR = 0.6457, NDCG = 0.3782, loss = 0.2716 [109.3 s]
2019-11-15 11:46:52,443 : INFO: Iteration 62 [571.7 s]: HR = 0.6457, NDCG = 0.3786, loss = 0.2711 [102.9 s]
2019-11-15 11:58:23,603 : INFO: Iteration 63 [571.4 s]: HR = 0.6460, NDCG = 0.3784, loss = 0.2707 [119.7 s]
2019-11-15 12:09:56,398 : INFO: Iteration 64 [595.1 s]: HR = 0.6478, NDCG = 0.3792, loss = 0.2707 [97.7 s]
2019-11-15 12:22:27,781 : INFO: Iteration 65 [656.3 s]: HR = 0.6483, NDCG = 0.3792, loss = 0.2705 [95.0 s]
2019-11-15 13:14:34,883 : INFO: Iteration 66 [3019.4 s]: HR = 0.6482, NDCG = 0.3793, loss = 0.2701 [107.7 s]
2019-11-15 13:26:25,645 : INFO: Iteration 67 [604.0 s]: HR = 0.6480, NDCG = 0.3791, loss = 0.2699 [106.7 s]
2019-11-15 13:37:52,915 : INFO: Iteration 68 [579.8 s]: HR = 0.6475, NDCG = 0.3795, loss = 0.2695 [107.4 s]
2019-11-15 13:49:20,014 : INFO: Iteration 69 [580.0 s]: HR = 0.6480, NDCG = 0.3797, loss = 0.2694 [107.1 s]
2019-11-15 14:00:47,408 : INFO: Iteration 70 [579.8 s]: HR = 0.6480, NDCG = 0.3797, loss = 0.2688 [107.5 s]
2019-11-15 14:12:18,883 : INFO: Iteration 71 [584.6 s]: HR = 0.6488, NDCG = 0.3798, loss = 0.2693 [106.9 s]
2019-11-15 14:23:50,790 : INFO: Iteration 72 [582.6 s]: HR = 0.6482, NDCG = 0.3805, loss = 0.2689 [109.3 s]
2019-11-15 14:35:19,694 : INFO: Iteration 73 [584.6 s]: HR = 0.6505, NDCG = 0.3807, loss = 0.2690 [104.3 s]
2019-11-15 14:46:24,344 : INFO: Iteration 74 [565.3 s]: HR = 0.6493, NDCG = 0.3806, loss = 0.2682 [99.3 s]
2019-11-15 14:56:57,189 : INFO: Iteration 75 [533.7 s]: HR = 0.6498, NDCG = 0.3809, loss = 0.2686 [99.1 s]
2019-11-15 15:07:12,570 : INFO: Iteration 76 [518.7 s]: HR = 0.6500, NDCG = 0.3814, loss = 0.2682 [96.7 s]
2019-11-15 15:17:23,776 : INFO: Iteration 77 [514.3 s]: HR = 0.6505, NDCG = 0.3816, loss = 0.2678 [96.9 s]
2019-11-15 15:27:33,773 : INFO: Iteration 78 [512.9 s]: HR = 0.6493, NDCG = 0.3812, loss = 0.2681 [97.1 s]
2019-11-15 15:38:25,985 : INFO: Iteration 79 [537.7 s]: HR = 0.6487, NDCG = 0.3811, loss = 0.2674 [114.5 s]
2019-11-15 15:49:25,058 : INFO: Iteration 80 [553.8 s]: HR = 0.6498, NDCG = 0.3816, loss = 0.2676 [105.2 s]
2019-11-15 16:00:13,089 : INFO: Iteration 81 [548.3 s]: HR = 0.6502, NDCG = 0.3820, loss = 0.2673 [99.7 s]
2019-11-15 16:12:00,841 : INFO: Iteration 82 [583.2 s]: HR = 0.6495, NDCG = 0.3820, loss = 0.2668 [124.6 s]
2019-11-15 16:26:12,267 : INFO: Iteration 83 [721.7 s]: HR = 0.6505, NDCG = 0.3826, loss = 0.2663 [129.8 s]
2019-11-15 16:39:46,267 : INFO: Iteration 84 [697.9 s]: HR = 0.6492, NDCG = 0.3825, loss = 0.2666 [116.1 s]
2019-11-15 16:54:05,311 : INFO: Iteration 85 [754.7 s]: HR = 0.6487, NDCG = 0.3831, loss = 0.2660 [104.3 s]
2019-11-15 17:06:46,300 : INFO: Iteration 86 [643.1 s]: HR = 0.6490, NDCG = 0.3823, loss = 0.2659 [117.9 s]
2019-11-15 17:20:47,131 : INFO: Iteration 87 [734.1 s]: HR = 0.6498, NDCG = 0.3833, loss = 0.2657 [106.7 s]
2019-11-15 17:32:38,625 : INFO: Iteration 88 [607.5 s]: HR = 0.6497, NDCG = 0.3833, loss = 0.2659 [104.0 s]
2019-11-15 17:50:18,063 : INFO: Iteration 89 [934.2 s]: HR = 0.6497, NDCG = 0.3836, loss = 0.2655 [125.2 s]
2019-11-15 18:04:14,845 : INFO: Iteration 90 [702.7 s]: HR = 0.6485, NDCG = 0.3827, loss = 0.2652 [134.0 s]
2019-11-15 18:16:55,568 : INFO: Iteration 91 [652.4 s]: HR = 0.6500, NDCG = 0.3831, loss = 0.2652 [108.3 s]
2019-11-15 18:28:36,951 : INFO: Iteration 92 [595.3 s]: HR = 0.6508, NDCG = 0.3832, loss = 0.2650 [106.1 s]
2019-11-15 18:39:07,234 : INFO: Iteration 93 [532.3 s]: HR = 0.6493, NDCG = 0.3834, loss = 0.2648 [97.9 s]
2019-11-15 18:49:24,656 : INFO: Iteration 94 [519.8 s]: HR = 0.6503, NDCG = 0.3837, loss = 0.2649 [97.6 s]
2019-11-15 18:59:38,984 : INFO: Iteration 95 [517.1 s]: HR = 0.6523, NDCG = 0.3844, loss = 0.2645 [97.2 s]
2019-11-15 19:09:59,893 : INFO: Iteration 96 [523.0 s]: HR = 0.6512, NDCG = 0.3841, loss = 0.2644 [97.9 s]
2019-11-15 19:20:06,752 : INFO: Iteration 97 [509.4 s]: HR = 0.6520, NDCG = 0.3843, loss = 0.2644 [97.5 s]
2019-11-15 19:30:12,256 : INFO: Iteration 98 [507.9 s]: HR = 0.6522, NDCG = 0.3855, loss = 0.2641 [97.6 s]
2019-11-15 19:40:18,355 : INFO: Iteration 99 [508.9 s]: HR = 0.6522, NDCG = 0.3855, loss = 0.2644 [97.2 s]
2019-11-15 19:50:26,719 : INFO: Iteration 100 [510.7 s]: HR = 0.6526, NDCG = 0.3857, loss = 0.2641 [97.7 s]
2019-11-15 19:50:26,739 : INFO: Best Iteration 100:  HR = 0.6526, NDCG = 0.3857. 
